<?xml version="1.0" encoding="utf-8"?><testsuites name="pytest tests"><testsuite name="pytest" errors="0" failures="0" skipped="0" tests="24" time="9.568" timestamp="2026-05-26T03:26:14.046709+00:00" hostname="agent-env-593f7029-1a03-4ef8-afb3-eef728bbd0b5"><testcase classname="backend.tests.backend_test.TestAuth" name="test_login_success" time="0.818" /><testcase classname="backend.tests.backend_test.TestAuth" name="test_login_invalid_password" time="0.572" /><testcase classname="backend.tests.backend_test.TestAuth" name="test_me_with_token" time="0.680" /><testcase classname="backend.tests.backend_test.TestAuth" name="test_me_without_token" time="0.142" /><testcase classname="backend.tests.backend_test.TestAuth" name="test_me_invalid_token" time="0.179" /><testcase classname="backend.tests.backend_test.TestContent" name="test_get_content_public_es" time="0.234" /><testcase classname="backend.tests.backend_test.TestContent" name="test_get_content_public_en" time="0.191" /><testcase classname="backend.tests.backend_test.TestContent" name="test_put_content_unauthenticated" time="0.222" /><testcase classname="backend.tests.backend_test.TestContent" name="test_put_content_authenticated_and_persisted_es" time="0.705" /><testcase classname="backend.tests.backend_test.TestContent" name="test_put_content_authenticated_and_persisted_en" time="0.669" /><testcase classname="backend.tests.backend_test.TestContact" name="test_submit_contact_form" time="0.169" /><testcase classname="backend.tests.backend_test.TestContact" name="test_submit_contact_wrong_captcha" time="0.168" /><testcase classname="backend.tests.backend_test.TestContact" name="test_submit_contact_honeypot_filled_returns_spam_filtered" time="0.167" /><testcase classname="backend.tests.backend_test.TestContact" name="test_submit_contact_too_fast_returns_spam_filtered" time="0.175" /><testcase classname="backend.tests.backend_test.TestContact" name="test_submit_contact_email_failure_doesnt_break_submission" time="0.182" /><testcase classname="backend.tests.backend_test.TestContact" name="test_get_submissions_requires_auth" time="0.160" /><testcase classname="backend.tests.backend_test.TestContact" name="test_get_submissions_with_auth_returns_list" time="0.185" /><testcase classname="backend.tests.backend_test" name="test_api_root" time="0.141" /><testcase classname="backend.tests.test_security_and_ratelimit.TestSecurityHeaders" name="test_headers_on_api_root" time="0.127" /><testcase classname="backend.tests.test_security_and_ratelimit.TestSecurityHeaders" name="test_headers_on_public_content" time="0.155" /><testcase classname="backend.tests.test_security_and_ratelimit.TestSecurityHeaders" name="test_headers_on_auth_endpoint_failure" time="0.146" /><testcase classname="backend.tests.test_security_and_ratelimit.TestRateLimitContact" name="test_contact_normal_usage_works" time="0.165" /><testcase classname="backend.tests.test_security_and_ratelimit.TestRateLimitContact" name="test_contact_enforces_limit_after_burst" time="1.900" /><testcase classname="backend.tests.test_security_and_ratelimit.TestRateLimitLogin" name="test_login_enforces_5_per_minute" time="1.048" /></testsuite></testsuites>